{"t":{"$date":"2025-05-14T22:23:53.219+05:30"},"s":"I",  "c":"CONTROL",  "id":23285,   "ctx":"main","msg":"Automatically disabling TLS 1.0, to force-enable TLS 1.0 specify --sslDisabledProtocols 'none'"}
{"t":{"$date":"2025-05-14T22:23:53.219+05:30"},"s":"I",  "c":"NETWORK",  "id":4915701, "ctx":"main","msg":"Initialized wire specification","attr":{"spec":{"incomingExternalClient":{"minWireVersion":0,"maxWireVersion":21},"incomingInternalClient":{"minWireVersion":0,"maxWireVersion":21},"outgoing":{"minWireVersion":6,"maxWireVersion":21},"isInternalClient":true}}}
{"t":{"$date":"2025-05-14T22:23:53.221+05:30"},"s":"I",  "c":"NETWORK",  "id":4648601, "ctx":"main","msg":"Implicit TCP FastOpen unavailable. If TCP FastOpen is required, set tcpFastOpenServer, tcpFastOpenClient, and tcpFastOpenQueueSize."}
{"t":{"$date":"2025-05-14T22:23:53.224+05:30"},"s":"I",  "c":"REPL",     "id":5123008, "ctx":"main","msg":"Successfully registered PrimaryOnlyService","attr":{"service":"TenantMigrationDonorService","namespace":"config.tenantMigrationDonors"}}
{"t":{"$date":"2025-05-14T22:23:53.224+05:30"},"s":"I",  "c":"REPL",     "id":5123008, "ctx":"main","msg":"Successfully registered PrimaryOnlyService","attr":{"service":"TenantMigrationRecipientService","namespace":"config.tenantMigrationRecipients"}}
{"t":{"$date":"2025-05-14T22:23:53.224+05:30"},"s":"I",  "c":"CONTROL",  "id":5945603, "ctx":"main","msg":"Multi threading initialized"}
{"t":{"$date":"2025-05-14T22:23:53.224+05:30"},"s":"I",  "c":"TENANT_M", "id":7091600, "ctx":"main","msg":"Starting TenantMigrationAccessBlockerRegistry"}
{"t":{"$date":"2025-05-14T22:23:53.224+05:30"},"s":"I",  "c":"CONTROL",  "id":4615611, "ctx":"initandlisten","msg":"MongoDB starting","attr":{"pid":26008,"port":27017,"dbPath":"/home/prem/Desktop/ache_proj/Exprensetracker-main/./data/db","architecture":"64-bit","host":"prem-Inspiron-15-3520"}}
{"t":{"$date":"2025-05-14T22:23:53.225+05:30"},"s":"I",  "c":"CONTROL",  "id":23403,   "ctx":"initandlisten","msg":"Build Info","attr":{"buildInfo":{"version":"7.0.20","gitVersion":"cf29fc744f8ee2ac9245f2845f29c6a706dc375a","openSSLVersion":"OpenSSL 3.0.13 30 Jan 2024","modules":[],"allocator":"tcmalloc","environment":{"distmod":"ubuntu2204","distarch":"x86_64","target_arch":"x86_64"}}}}
{"t":{"$date":"2025-05-14T22:23:53.225+05:30"},"s":"I",  "c":"CONTROL",  "id":51765,   "ctx":"initandlisten","msg":"Operating System","attr":{"os":{"name":"LinuxMint","version":"22.1"}}}
{"t":{"$date":"2025-05-14T22:23:53.225+05:30"},"s":"I",  "c":"CONTROL",  "id":21951,   "ctx":"initandlisten","msg":"Options set by command line","attr":{"options":{"config":"mongod.conf","net":{"bindIp":"127.0.0.1","port":27017},"processManagement":{"fork":false},"storage":{"dbPath":"./data/db"},"systemLog":{"destination":"file","logAppend":true,"path":"./mongodb.log"}}}}
{"t":{"$date":"2025-05-14T22:23:53.225+05:30"},"s":"E",  "c":"NETWORK",  "id":23024,   "ctx":"initandlisten","msg":"Failed to unlink socket file","attr":{"path":"/tmp/mongodb-27017.sock","error":"Operation not permitted"}}
{"t":{"$date":"2025-05-14T22:23:53.225+05:30"},"s":"F",  "c":"ASSERT",   "id":23091,   "ctx":"initandlisten","msg":"Fatal assertion","attr":{"msgid":40486,"file":"src/mongo/transport/asio/asio_transport_layer.cpp","line":1203}}
{"t":{"$date":"2025-05-14T22:23:53.225+05:30"},"s":"F",  "c":"ASSERT",   "id":23092,   "ctx":"initandlisten","msg":"\n\n***aborting after fassert() failure\n\n"}

{"t":{"$date":"2025-05-14T22:24:38.373+05:30"},"s":"I",  "c":"CONTROL",  "id":20698,   "ctx":"main","msg":"***** SERVER RESTARTED *****"}
{"t":{"$date":"2025-05-14T22:24:38.374+05:30"},"s":"I",  "c":"NETWORK",  "id":4915701, "ctx":"main","msg":"Initialized wire specification","attr":{"spec":{"incomingExternalClient":{"minWireVersion":0,"maxWireVersion":21},"incomingInternalClient":{"minWireVersion":0,"maxWireVersion":21},"outgoing":{"minWireVersion":6,"maxWireVersion":21},"isInternalClient":true}}}
{"t":{"$date":"2025-05-14T22:24:38.375+05:30"},"s":"I",  "c":"CONTROL",  "id":23285,   "ctx":"main","msg":"Automatically disabling TLS 1.0, to force-enable TLS 1.0 specify --sslDisabledProtocols 'none'"}
{"t":{"$date":"2025-05-14T22:24:38.375+05:30"},"s":"I",  "c":"NETWORK",  "id":4648601, "ctx":"main","msg":"Implicit TCP FastOpen unavailable. If TCP FastOpen is required, set tcpFastOpenServer, tcpFastOpenClient, and tcpFastOpenQueueSize."}
{"t":{"$date":"2025-05-14T22:24:38.377+05:30"},"s":"I",  "c":"REPL",     "id":5123008, "ctx":"main","msg":"Successfully registered PrimaryOnlyService","attr":{"service":"TenantMigrationDonorService","namespace":"config.tenantMigrationDonors"}}
{"t":{"$date":"2025-05-14T22:24:38.377+05:30"},"s":"I",  "c":"REPL",     "id":5123008, "ctx":"main","msg":"Successfully registered PrimaryOnlyService","attr":{"service":"TenantMigrationRecipientService","namespace":"config.tenantMigrationRecipients"}}
{"t":{"$date":"2025-05-14T22:24:38.377+05:30"},"s":"I",  "c":"CONTROL",  "id":5945603, "ctx":"main","msg":"Multi threading initialized"}
{"t":{"$date":"2025-05-14T22:24:38.377+05:30"},"s":"I",  "c":"TENANT_M", "id":7091600, "ctx":"main","msg":"Starting TenantMigrationAccessBlockerRegistry"}
{"t":{"$date":"2025-05-14T22:24:38.377+05:30"},"s":"I",  "c":"CONTROL",  "id":4615611, "ctx":"initandlisten","msg":"MongoDB starting","attr":{"pid":26152,"port":27017,"dbPath":"/home/prem/Desktop/ache_proj/Exprensetracker-main/./data/db","architecture":"64-bit","host":"prem-Inspiron-15-3520"}}
{"t":{"$date":"2025-05-14T22:24:38.377+05:30"},"s":"I",  "c":"CONTROL",  "id":23403,   "ctx":"initandlisten","msg":"Build Info","attr":{"buildInfo":{"version":"7.0.20","gitVersion":"cf29fc744f8ee2ac9245f2845f29c6a706dc375a","openSSLVersion":"OpenSSL 3.0.13 30 Jan 2024","modules":[],"allocator":"tcmalloc","environment":{"distmod":"ubuntu2204","distarch":"x86_64","target_arch":"x86_64"}}}}
{"t":{"$date":"2025-05-14T22:24:38.377+05:30"},"s":"I",  "c":"CONTROL",  "id":51765,   "ctx":"initandlisten","msg":"Operating System","attr":{"os":{"name":"LinuxMint","version":"22.1"}}}
{"t":{"$date":"2025-05-14T22:24:38.377+05:30"},"s":"I",  "c":"CONTROL",  "id":21951,   "ctx":"initandlisten","msg":"Options set by command line","attr":{"options":{"config":"mongod.conf","net":{"bindIp":"127.0.0.1","port":27017},"processManagement":{"fork":false},"storage":{"dbPath":"./data/db"},"systemLog":{"destination":"file","logAppend":true,"path":"./mongodb.log"}}}}
{"t":{"$date":"2025-05-14T22:24:38.377+05:30"},"s":"E",  "c":"NETWORK",  "id":23024,   "ctx":"initandlisten","msg":"Failed to unlink socket file","attr":{"path":"/tmp/mongodb-27017.sock","error":"Operation not permitted"}}
{"t":{"$date":"2025-05-14T22:24:38.377+05:30"},"s":"F",  "c":"ASSERT",   "id":23091,   "ctx":"initandlisten","msg":"Fatal assertion","attr":{"msgid":40486,"file":"src/mongo/transport/asio/asio_transport_layer.cpp","line":1203}}
{"t":{"$date":"2025-05-14T22:24:38.377+05:30"},"s":"F",  "c":"ASSERT",   "id":23092,   "ctx":"initandlisten","msg":"\n\n***aborting after fassert() failure\n\n"}

{"t":{"$date":"2025-05-14T22:25:03.044+05:30"},"s":"I",  "c":"CONTROL",  "id":20698,   "ctx":"main","msg":"***** SERVER RESTARTED *****"}
{"t":{"$date":"2025-05-14T22:25:03.048+05:30"},"s":"I",  "c":"NETWORK",  "id":4915701, "ctx":"main","msg":"Initialized wire specification","attr":{"spec":{"incomingExternalClient":{"minWireVersion":0,"maxWireVersion":21},"incomingInternalClient":{"minWireVersion":0,"maxWireVersion":21},"outgoing":{"minWireVersion":6,"maxWireVersion":21},"isInternalClient":true}}}
{"t":{"$date":"2025-05-14T22:25:03.048+05:30"},"s":"I",  "c":"CONTROL",  "id":23285,   "ctx":"main","msg":"Automatically disabling TLS 1.0, to force-enable TLS 1.0 specify --sslDisabledProtocols 'none'"}
{"t":{"$date":"2025-05-14T22:25:03.048+05:30"},"s":"I",  "c":"NETWORK",  "id":4648601, "ctx":"main","msg":"Implicit TCP FastOpen unavailable. If TCP FastOpen is required, set tcpFastOpenServer, tcpFastOpenClient, and tcpFastOpenQueueSize."}
{"t":{"$date":"2025-05-14T22:25:03.050+05:30"},"s":"I",  "c":"REPL",     "id":5123008, "ctx":"main","msg":"Successfully registered PrimaryOnlyService","attr":{"service":"TenantMigrationDonorService","namespace":"config.tenantMigrationDonors"}}
{"t":{"$date":"2025-05-14T22:25:03.050+05:30"},"s":"I",  "c":"REPL",     "id":5123008, "ctx":"main","msg":"Successfully registered PrimaryOnlyService","attr":{"service":"TenantMigrationRecipientService","namespace":"config.tenantMigrationRecipients"}}
{"t":{"$date":"2025-05-14T22:25:03.050+05:30"},"s":"I",  "c":"CONTROL",  "id":5945603, "ctx":"main","msg":"Multi threading initialized"}
{"t":{"$date":"2025-05-14T22:25:03.050+05:30"},"s":"I",  "c":"TENANT_M", "id":7091600, "ctx":"main","msg":"Starting TenantMigrationAccessBlockerRegistry"}
{"t":{"$date":"2025-05-14T22:25:03.051+05:30"},"s":"I",  "c":"CONTROL",  "id":4615611, "ctx":"initandlisten","msg":"MongoDB starting","attr":{"pid":26246,"port":27017,"dbPath":"/home/prem/Desktop/ache_proj/Exprensetracker-main/./data/db","architecture":"64-bit","host":"prem-Inspiron-15-3520"}}
{"t":{"$date":"2025-05-14T22:25:03.051+05:30"},"s":"I",  "c":"CONTROL",  "id":23403,   "ctx":"initandlisten","msg":"Build Info","attr":{"buildInfo":{"version":"7.0.20","gitVersion":"cf29fc744f8ee2ac9245f2845f29c6a706dc375a","openSSLVersion":"OpenSSL 3.0.13 30 Jan 2024","modules":[],"allocator":"tcmalloc","environment":{"distmod":"ubuntu2204","distarch":"x86_64","target_arch":"x86_64"}}}}
{"t":{"$date":"2025-05-14T22:25:03.051+05:30"},"s":"I",  "c":"CONTROL",  "id":51765,   "ctx":"initandlisten","msg":"Operating System","attr":{"os":{"name":"LinuxMint","version":"22.1"}}}
{"t":{"$date":"2025-05-14T22:25:03.051+05:30"},"s":"I",  "c":"CONTROL",  "id":21951,   "ctx":"initandlisten","msg":"Options set by command line","attr":{"options":{"config":"mongod.conf","net":{"bindIp":"127.0.0.1","port":27017},"processManagement":{"fork":false},"storage":{"dbPath":"./data/db"},"systemLog":{"destination":"file","logAppend":true,"path":"./mongodb.log"}}}}
{"t":{"$date":"2025-05-14T22:25:03.051+05:30"},"s":"E",  "c":"NETWORK",  "id":23024,   "ctx":"initandlisten","msg":"Failed to unlink socket file","attr":{"path":"/tmp/mongodb-27017.sock","error":"Operation not permitted"}}
{"t":{"$date":"2025-05-14T22:25:03.051+05:30"},"s":"F",  "c":"ASSERT",   "id":23091,   "ctx":"initandlisten","msg":"Fatal assertion","attr":{"msgid":40486,"file":"src/mongo/transport/asio/asio_transport_layer.cpp","line":1203}}
{"t":{"$date":"2025-05-14T22:25:03.051+05:30"},"s":"F",  "c":"ASSERT",   "id":23092,   "ctx":"initandlisten","msg":"\n\n***aborting after fassert() failure\n\n"}

{"t":{"$date":"2025-05-14T22:25:13.396+05:30"},"s":"I",  "c":"CONTROL",  "id":20698,   "ctx":"main","msg":"***** SERVER RESTARTED *****"}
{"t":{"$date":"2025-05-14T22:25:13.396+05:30"},"s":"I",  "c":"CONTROL",  "id":23285,   "ctx":"main","msg":"Automatically disabling TLS 1.0, to force-enable TLS 1.0 specify --sslDisabledProtocols 'none'"}
{"t":{"$date":"2025-05-14T22:25:13.398+05:30"},"s":"I",  "c":"NETWORK",  "id":4915701, "ctx":"main","msg":"Initialized wire specification","attr":{"spec":{"incomingExternalClient":{"minWireVersion":0,"maxWireVersion":21},"incomingInternalClient":{"minWireVersion":0,"maxWireVersion":21},"outgoing":{"minWireVersion":6,"maxWireVersion":21},"isInternalClient":true}}}
{"t":{"$date":"2025-05-14T22:25:13.399+05:30"},"s":"I",  "c":"NETWORK",  "id":4648601, "ctx":"main","msg":"Implicit TCP FastOpen unavailable. If TCP FastOpen is required, set tcpFastOpenServer, tcpFastOpenClient, and tcpFastOpenQueueSize."}
{"t":{"$date":"2025-05-14T22:25:13.399+05:30"},"s":"I",  "c":"REPL",     "id":5123008, "ctx":"main","msg":"Successfully registered PrimaryOnlyService","attr":{"service":"TenantMigrationDonorService","namespace":"config.tenantMigrationDonors"}}
{"t":{"$date":"2025-05-14T22:25:13.400+05:30"},"s":"I",  "c":"REPL",     "id":5123008, "ctx":"main","msg":"Successfully registered PrimaryOnlyService","attr":{"service":"TenantMigrationRecipientService","namespace":"config.tenantMigrationRecipients"}}
{"t":{"$date":"2025-05-14T22:25:13.400+05:30"},"s":"I",  "c":"CONTROL",  "id":5945603, "ctx":"main","msg":"Multi threading initialized"}
{"t":{"$date":"2025-05-14T22:25:13.400+05:30"},"s":"I",  "c":"TENANT_M", "id":7091600, "ctx":"main","msg":"Starting TenantMigrationAccessBlockerRegistry"}
{"t":{"$date":"2025-05-14T22:25:13.400+05:30"},"s":"I",  "c":"CONTROL",  "id":4615611, "ctx":"initandlisten","msg":"MongoDB starting","attr":{"pid":26301,"port":27017,"dbPath":"/home/prem/Desktop/ache_proj/Exprensetracker-main/./data/db","architecture":"64-bit","host":"prem-Inspiron-15-3520"}}
{"t":{"$date":"2025-05-14T22:25:13.400+05:30"},"s":"I",  "c":"CONTROL",  "id":23403,   "ctx":"initandlisten","msg":"Build Info","attr":{"buildInfo":{"version":"7.0.20","gitVersion":"cf29fc744f8ee2ac9245f2845f29c6a706dc375a","openSSLVersion":"OpenSSL 3.0.13 30 Jan 2024","modules":[],"allocator":"tcmalloc","environment":{"distmod":"ubuntu2204","distarch":"x86_64","target_arch":"x86_64"}}}}
{"t":{"$date":"2025-05-14T22:25:13.400+05:30"},"s":"I",  "c":"CONTROL",  "id":51765,   "ctx":"initandlisten","msg":"Operating System","attr":{"os":{"name":"LinuxMint","version":"22.1"}}}
{"t":{"$date":"2025-05-14T22:25:13.400+05:30"},"s":"I",  "c":"CONTROL",  "id":21951,   "ctx":"initandlisten","msg":"Options set by command line","attr":{"options":{"config":"mongod.conf","net":{"bindIp":"127.0.0.1","port":27017},"processManagement":{"fork":false},"storage":{"dbPath":"./data/db"},"systemLog":{"destination":"file","logAppend":true,"path":"./mongodb.log"}}}}
{"t":{"$date":"2025-05-14T22:25:13.400+05:30"},"s":"E",  "c":"NETWORK",  "id":23024,   "ctx":"initandlisten","msg":"Failed to unlink socket file","attr":{"path":"/tmp/mongodb-27017.sock","error":"Operation not permitted"}}
{"t":{"$date":"2025-05-14T22:25:13.400+05:30"},"s":"F",  "c":"ASSERT",   "id":23091,   "ctx":"initandlisten","msg":"Fatal assertion","attr":{"msgid":40486,"file":"src/mongo/transport/asio/asio_transport_layer.cpp","line":1203}}
{"t":{"$date":"2025-05-14T22:25:13.400+05:30"},"s":"F",  "c":"ASSERT",   "id":23092,   "ctx":"initandlisten","msg":"\n\n***aborting after fassert() failure\n\n"}

{"t":{"$date":"2025-05-14T22:27:53.932+05:30"},"s":"I",  "c":"CONTROL",  "id":20698,   "ctx":"main","msg":"***** SERVER RESTARTED *****"}
{"t":{"$date":"2025-05-14T22:27:53.933+05:30"},"s":"I",  "c":"NETWORK",  "id":4915701, "ctx":"main","msg":"Initialized wire specification","attr":{"spec":{"incomingExternalClient":{"minWireVersion":0,"maxWireVersion":21},"incomingInternalClient":{"minWireVersion":0,"maxWireVersion":21},"outgoing":{"minWireVersion":6,"maxWireVersion":21},"isInternalClient":true}}}
{"t":{"$date":"2025-05-14T22:27:53.936+05:30"},"s":"I",  "c":"CONTROL",  "id":23285,   "ctx":"main","msg":"Automatically disabling TLS 1.0, to force-enable TLS 1.0 specify --sslDisabledProtocols 'none'"}
{"t":{"$date":"2025-05-14T22:27:53.936+05:30"},"s":"I",  "c":"NETWORK",  "id":4648601, "ctx":"main","msg":"Implicit TCP FastOpen unavailable. If TCP FastOpen is required, set tcpFastOpenServer, tcpFastOpenClient, and tcpFastOpenQueueSize."}
{"t":{"$date":"2025-05-14T22:27:53.938+05:30"},"s":"I",  "c":"REPL",     "id":5123008, "ctx":"main","msg":"Successfully registered PrimaryOnlyService","attr":{"service":"TenantMigrationDonorService","namespace":"config.tenantMigrationDonors"}}
{"t":{"$date":"2025-05-14T22:27:53.938+05:30"},"s":"I",  "c":"REPL",     "id":5123008, "ctx":"main","msg":"Successfully registered PrimaryOnlyService","attr":{"service":"TenantMigrationRecipientService","namespace":"config.tenantMigrationRecipients"}}
{"t":{"$date":"2025-05-14T22:27:53.938+05:30"},"s":"I",  "c":"CONTROL",  "id":5945603, "ctx":"main","msg":"Multi threading initialized"}
{"t":{"$date":"2025-05-14T22:27:53.938+05:30"},"s":"I",  "c":"TENANT_M", "id":7091600, "ctx":"main","msg":"Starting TenantMigrationAccessBlockerRegistry"}
{"t":{"$date":"2025-05-14T22:27:53.938+05:30"},"s":"I",  "c":"CONTROL",  "id":4615611, "ctx":"initandlisten","msg":"MongoDB starting","attr":{"pid":26677,"port":27017,"dbPath":"/home/prem/Desktop/ache_proj/Exprensetracker-main/./data/db","architecture":"64-bit","host":"prem-Inspiron-15-3520"}}
{"t":{"$date":"2025-05-14T22:27:53.938+05:30"},"s":"I",  "c":"CONTROL",  "id":23403,   "ctx":"initandlisten","msg":"Build Info","attr":{"buildInfo":{"version":"7.0.20","gitVersion":"cf29fc744f8ee2ac9245f2845f29c6a706dc375a","openSSLVersion":"OpenSSL 3.0.13 30 Jan 2024","modules":[],"allocator":"tcmalloc","environment":{"distmod":"ubuntu2204","distarch":"x86_64","target_arch":"x86_64"}}}}
{"t":{"$date":"2025-05-14T22:27:53.938+05:30"},"s":"I",  "c":"CONTROL",  "id":51765,   "ctx":"initandlisten","msg":"Operating System","attr":{"os":{"name":"LinuxMint","version":"22.1"}}}
{"t":{"$date":"2025-05-14T22:27:53.938+05:30"},"s":"I",  "c":"CONTROL",  "id":21951,   "ctx":"initandlisten","msg":"Options set by command line","attr":{"options":{"config":"mongod.conf","net":{"bindIp":"127.0.0.1","port":27017},"processManagement":{"fork":false},"storage":{"dbPath":"./data/db"},"systemLog":{"destination":"file","logAppend":true,"path":"./mongodb.log"}}}}
{"t":{"$date":"2025-05-14T22:27:53.938+05:30"},"s":"E",  "c":"NETWORK",  "id":23024,   "ctx":"initandlisten","msg":"Failed to unlink socket file","attr":{"path":"/tmp/mongodb-27017.sock","error":"Operation not permitted"}}
{"t":{"$date":"2025-05-14T22:27:53.938+05:30"},"s":"F",  "c":"ASSERT",   "id":23091,   "ctx":"initandlisten","msg":"Fatal assertion","attr":{"msgid":40486,"file":"src/mongo/transport/asio/asio_transport_layer.cpp","line":1203}}
{"t":{"$date":"2025-05-14T22:27:53.938+05:30"},"s":"F",  "c":"ASSERT",   "id":23092,   "ctx":"initandlisten","msg":"\n\n***aborting after fassert() failure\n\n"}
